生成启动时间为 2017/7/14 14:36:28。
     1>项目“C:\Users\Tod\documents\visual studio 2012\Projects\GoBangTCP\GoBangTCP\GoBangTCP.vcxproj”在节点 2 上(Build 个目标)。
     1>ClCompile:
         C:\Program Files (x86)\Microsoft Visual Studio 11.0\VC\bin\CL.exe /c /ZI /nologo /W3 /WX- /sdl /Od /Oy- /D WIN32 /D _WINDOWS /D _DEBUG /D _UNICODE /D UNICODE /D _AFXDLL /Gm /EHsc /RTC1 /MDd /GS /fp:precise /Zc:wchar_t /Zc:forScope /Yu"stdafx.h" /Fp"Debug\GoBangTCP.pch" /Fo"Debug\\" /Fd"Debug\vc110.pdb" /Gd /TP /analyze- /errorReport:prompt GoBangTCPDlg.cpp
         GoBangTCPDlg.cpp
     1>c:\users\tod\documents\visual studio 2012\projects\gobangtcp\gobangtcp\gobangtcpdlg.cpp(98): warning C4244: “参数”: 从“double”转换到“int”，可能丢失数据
       Link:
         C:\Program Files (x86)\Microsoft Visual Studio 11.0\VC\bin\link.exe /ERRORREPORT:PROMPT /OUT:"C:\Users\Tod\documents\visual studio 2012\Projects\GoBangTCP\Debug\GoBangTCP.exe" /INCREMENTAL /NOLOGO /MANIFEST /MANIFESTUAC:"level='asInvoker' uiAccess='false'" /manifest:embed /manifestinput:"C:\Program Files (x86)\Microsoft Visual Studio 11.0\VC\Include\Manifest\dpiaware.manifest" /DEBUG /PDB:"C:\Users\Tod\documents\visual studio 2012\Projects\GoBangTCP\Debug\GoBangTCP.pdb" /SUBSYSTEM:WINDOWS /TLBID:1 /ENTRY:"wWinMainCRTStartup" /DYNAMICBASE /NXCOMPAT /IMPLIB:"C:\Users\Tod\documents\visual studio 2012\Projects\GoBangTCP\Debug\GoBangTCP.lib" /MACHINE:X86 Debug\GoBangTCP.res
         Debug\ChessBoard.obj
         Debug\ChessPoint.obj
         Debug\CHOOSEMODE.obj
         Debug\CLIENT.obj
         Debug\GameControl.obj
         Debug\GoBangTCP.obj
         Debug\GoBangTCPDlg.obj
         Debug\SERVER.obj
         Debug\SockMessage.obj
         Debug\stdafx.obj
         GoBangTCP.vcxproj -> C:\Users\Tod\documents\visual studio 2012\Projects\GoBangTCP\Debug\GoBangTCP.exe
     1>已完成生成项目“C:\Users\Tod\documents\visual studio 2012\Projects\GoBangTCP\GoBangTCP\GoBangTCP.vcxproj”(Build 个目标)的操作。

生成成功。

已用时间 00:00:02.11
